<?xml version="1.0" encoding="UTF-8" standalone="yes"?><!DOCTYPE report PUBLIC "-//JACOCO//DTD Report 1.1//EN" "report.dtd"><report name="Exercice10"><sessioninfo id="Desk_DELL_Axel-c55a3e2e" start="1781255693899" dump="1781255697253"/><sessioninfo id="Desk_DELL_Axel-5de2ef0" start="1781255728748" dump="1781255732079"/><sessioninfo id="Desk_DELL_Axel-47852f29" start="1781255761695" dump="1781255765001"/><package name="com/exemple"><class name="com/exemple/CommandeRefuseeException" sourcefilename="CommandeRefuseeException.java"><method name="&lt;init&gt;" desc="(Ljava/lang/String;)V" line="6"><counter type="INSTRUCTION" missed="0" covered="4"/><counter type="LINE" missed="0" covered="2"/><counter type="COMPLEXITY" missed="0" covered="1"/><counter type="METHOD" missed="0" covered="1"/></method><counter type="INSTRUCTION" missed="0" covered="4"/><counter type="LINE" missed="0" covered="2"/><counter type="COMPLEXITY" missed="0" covered="1"/><counter type="METHOD" missed="0" covered="1"/><counter type="CLASS" missed="0" covered="1"/></class><class name="com/exemple/Commande" sourcefilename="Commande.java"><method name="&lt;init&gt;" desc="(Ljava/lang/String;)V" line="9"><counter type="INSTRUCTION" missed="0" covered="11"/><counter type="LINE" missed="0" covered="4"/><counter type="COMPLEXITY" missed="0" covered="1"/><counter type="METHOD" missed="0" covered="1"/></method><method name="id" desc="()Ljava/lang/String;" line="16"><counter type="INSTRUCTION" missed="0" covered="3"/><counter type="LINE" missed="0" covered="1"/><counter type="COMPLEXITY" missed="0" covered="1"/><counter type="METHOD" missed="0" covered="1"/></method><method name="ajouter" desc="(Ljava/lang/String;)I" line="20"><counter type="INSTRUCTION" missed="0" covered="20"/><counter type="LINE" missed="0" covered="3"/><counter type="COMPLEXITY" missed="0" covered="1"/><counter type="METHOD" missed="0" covered="1"/></method><method name="retirer" desc="(Ljava/lang/String;)I" line="26"><counter type="INSTRUCTION" missed="0" covered="32"/><counter type="BRANCH" missed="0" covered="2"/><counter type="LINE" missed="0" covered="7"/><counter type="COMPLEXITY" missed="0" covered="2"/><counter type="METHOD" missed="0" covered="1"/></method><method name="contient" desc="(Ljava/lang/String;)Z" line="37"><counter type="INSTRUCTION" missed="0" covered="5"/><counter type="LINE" missed="0" covered="1"/><counter type="COMPLEXITY" missed="0" covered="1"/><counter type="METHOD" missed="0" covered="1"/></method><method name="quantite" desc="(Ljava/lang/String;)I" line="41"><counter type="INSTRUCTION" missed="0" covered="9"/><counter type="LINE" missed="0" covered="1"/><counter type="COMPLEXITY" missed="0" covered="1"/><counter type="METHOD" missed="0" covered="1"/></method><counter type="INSTRUCTION" missed="0" covered="80"/><counter type="BRANCH" missed="0" covered="2"/><counter type="LINE" missed="0" covered="17"/><counter type="COMPLEXITY" missed="0" covered="7"/><counter type="METHOD" missed="0" covered="6"/><counter type="CLASS" missed="0" covered="1"/></class><class name="com/exemple/ConfirmationCommande" sourcefilename="ConfirmationCommande.java"><method name="&lt;init&gt;" desc="(Ljava/lang/String;Ljava/lang/String;)V" line="3"><counter type="INSTRUCTION" missed="0" covered="9"/><counter type="LINE" missed="0" covered="1"/><counter type="COMPLEXITY" missed="0" covered="1"/><counter type="METHOD" missed="0" covered="1"/></method><counter type="INSTRUCTION" missed="0" covered="9"/><counter type="LINE" missed="0" covered="1"/><counter type="COMPLEXITY" missed="0" covered="1"/><counter type="METHOD" missed="0" covered="1"/><counter type="CLASS" missed="0" covered="1"/></class><class name="com/exemple/Utilisateur" sourcefilename="Utilisateur.java"><method name="&lt;init&gt;" desc="(Ljava/lang/String;Ljava/lang/String;Ljava/lang/String;)V" line="3"><counter type="INSTRUCTION" missed="0" covered="12"/><counter type="LINE" missed="0" covered="1"/><counter type="COMPLEXITY" missed="0" covered="1"/><counter type="METHOD" missed="0" covered="1"/></method><counter type="INSTRUCTION" missed="0" covered="12"/><counter type="LINE" missed="0" covered="1"/><counter type="COMPLEXITY" missed="0" covered="1"/><counter type="METHOD" missed="0" covered="1"/><counter type="CLASS" missed="0" covered="1"/></class><class name="com/exemple/RepertoireCommande" sourcefilename="RepertoireCommande.java"/><class name="com/exemple/ServiceCompte" sourcefilename="ServiceCompte.java"><method name="&lt;init&gt;" desc="(Lcom/exemple/RepertoireUtilisateur;)V" line="7"><counter type="INSTRUCTION" missed="0" covered="6"/><counter type="LINE" missed="0" covered="3"/><counter type="COMPLEXITY" missed="0" covered="1"/><counter type="METHOD" missed="0" covered="1"/></method><method name="inscrire" desc="(Lcom/exemple/Utilisateur;)Lcom/exemple/ConfirmationInscription;" line="12"><counter type="INSTRUCTION" missed="0" covered="26"/><counter type="BRANCH" missed="0" covered="2"/><counter type="LINE" missed="0" covered="6"/><counter type="COMPLEXITY" missed="0" covered="2"/><counter type="METHOD" missed="0" covered="1"/></method><counter type="INSTRUCTION" missed="0" covered="32"/><counter type="BRANCH" missed="0" covered="2"/><counter type="LINE" missed="0" covered="9"/><counter type="COMPLEXITY" missed="0" covered="3"/><counter type="METHOD" missed="0" covered="2"/><counter type="CLASS" missed="0" covered="1"/></class><class name="com/exemple/RepertoireUtilisateur" sourcefilename="RepertoireUtilisateur.java"/><class name="com/exemple/ServiceCatalogue" sourcefilename="ServiceCatalogue.java"><method name="&lt;init&gt;" desc="(Lcom/exemple/CatalogueProduit;)V" line="9"><counter type="INSTRUCTION" missed="0" covered="6"/><counter type="LINE" missed="0" covered="3"/><counter type="COMPLEXITY" missed="0" covered="1"/><counter type="METHOD" missed="0" covered="1"/></method><method name="rechercher" desc="(Ljava/lang/String;)Ljava/util/List;" line="14"><counter type="INSTRUCTION" missed="0" covered="5"/><counter type="LINE" missed="0" covered="1"/><counter type="COMPLEXITY" missed="0" covered="1"/><counter type="METHOD" missed="0" covered="1"/></method><method name="rechercherParPrixMaximum" desc="(D)Ljava/util/List;" line="18"><counter type="INSTRUCTION" missed="0" covered="5"/><counter type="LINE" missed="0" covered="1"/><counter type="COMPLEXITY" missed="0" covered="1"/><counter type="METHOD" missed="0" covered="1"/></method><method name="parCategorie" desc="(Ljava/lang/String;)Ljava/util/List;" line="22"><counter type="INSTRUCTION" missed="0" covered="5"/><counter type="LINE" missed="0" covered="1"/><counter type="COMPLEXITY" missed="0" covered="1"/><counter type="METHOD" missed="0" covered="1"/></method><counter type="INSTRUCTION" missed="0" covered="21"/><counter type="LINE" missed="0" covered="6"/><counter type="COMPLEXITY" missed="0" covered="4"/><counter type="METHOD" missed="0" covered="4"/><counter type="CLASS" missed="0" covered="1"/></class><class name="com/exemple/ServiceCommande" sourcefilename="ServiceCommande.java"><method name="&lt;init&gt;" desc="(Lcom/exemple/RepertoireCommande;)V" line="7"><counter type="INSTRUCTION" missed="0" covered="6"/><counter type="LINE" missed="0" covered="3"/><counter type="COMPLEXITY" missed="0" covered="1"/><counter type="METHOD" missed="0" covered="1"/></method><method name="ajouterProduit" desc="(Ljava/lang/String;Ljava/lang/String;)I" line="12"><counter type="INSTRUCTION" missed="0" covered="8"/><counter type="LINE" missed="0" covered="2"/><counter type="COMPLEXITY" missed="0" covered="1"/><counter type="METHOD" missed="0" covered="1"/></method><method name="supprimerProduit" desc="(Ljava/lang/String;Ljava/lang/String;)I" line="17"><counter type="INSTRUCTION" missed="0" covered="18"/><counter type="BRANCH" missed="0" covered="2"/><counter type="LINE" missed="0" covered="4"/><counter type="COMPLEXITY" missed="0" covered="2"/><counter type="METHOD" missed="0" covered="1"/></method><method name="validerCommande" desc="(Ljava/lang/String;)Lcom/exemple/ConfirmationCommande;" line="25"><counter type="INSTRUCTION" missed="0" covered="13"/><counter type="LINE" missed="0" covered="2"/><counter type="COMPLEXITY" missed="0" covered="1"/><counter type="METHOD" missed="0" covered="1"/></method><method name="chargerCommande" desc="(Ljava/lang/String;)Lcom/exemple/Commande;" line="30"><counter type="INSTRUCTION" missed="0" covered="9"/><counter type="LINE" missed="0" covered="2"/><counter type="COMPLEXITY" missed="0" covered="1"/><counter type="METHOD" missed="0" covered="1"/></method><method name="lambda$chargerCommande$0" desc="(Ljava/lang/String;)Lcom/exemple/CommandeRefuseeException;" line="31"><counter type="INSTRUCTION" missed="0" covered="6"/><counter type="LINE" missed="0" covered="1"/><counter type="COMPLEXITY" missed="0" covered="1"/><counter type="METHOD" missed="0" covered="1"/></method><counter type="INSTRUCTION" missed="0" covered="60"/><counter type="BRANCH" missed="0" covered="2"/><counter type="LINE" missed="0" covered="13"/><counter type="COMPLEXITY" missed="0" covered="7"/><counter type="METHOD" missed="0" covered="6"/><counter type="CLASS" missed="0" covered="1"/></class><class name="com/exemple/CompteExistantException" sourcefilename="CompteExistantException.java"><method name="&lt;init&gt;" desc="(Ljava/lang/String;)V" line="6"><counter type="INSTRUCTION" missed="0" covered="4"/><counter type="LINE" missed="0" covered="2"/><counter type="COMPLEXITY" missed="0" covered="1"/><counter type="METHOD" missed="0" covered="1"/></method><counter type="INSTRUCTION" missed="0" covered="4"/><counter type="LINE" missed="0" covered="2"/><counter type="COMPLEXITY" missed="0" covered="1"/><counter type="METHOD" missed="0" covered="1"/><counter type="CLASS" missed="0" covered="1"/></class><class name="com/exemple/ResultatConnexion" sourcefilename="ResultatConnexion.java"><method name="&lt;init&gt;" desc="(Ljava/lang/String;Ljava/lang/String;)V" line="3"><counter type="INSTRUCTION" missed="0" covered="9"/><counter type="LINE" missed="0" covered="1"/><counter type="COMPLEXITY" missed="0" covered="1"/><counter type="METHOD" missed="0" covered="1"/></method><counter type="INSTRUCTION" missed="0" covered="9"/><counter type="LINE" missed="0" covered="1"/><counter type="COMPLEXITY" missed="0" covered="1"/><counter type="METHOD" missed="0" covered="1"/><counter type="CLASS" missed="0" covered="1"/></class><class name="com/exemple/Produit" sourcefilename="Produit.java"><method name="&lt;init&gt;" desc="(Ljava/lang/String;Ljava/lang/String;DLjava/lang/String;)V" line="3"><counter type="INSTRUCTION" missed="0" covered="15"/><counter type="LINE" missed="0" covered="1"/><counter type="COMPLEXITY" missed="0" covered="1"/><counter type="METHOD" missed="0" covered="1"/></method><counter type="INSTRUCTION" missed="0" covered="15"/><counter type="LINE" missed="0" covered="1"/><counter type="COMPLEXITY" missed="0" covered="1"/><counter type="METHOD" missed="0" covered="1"/><counter type="CLASS" missed="0" covered="1"/></class><class name="com/exemple/ServiceAuthentification" sourcefilename="ServiceAuthentification.java"><method name="&lt;init&gt;" desc="(Lcom/exemple/RepertoireUtilisateur;)V" line="9"><counter type="INSTRUCTION" missed="0" covered="6"/><counter type="LINE" missed="0" covered="3"/><counter type="COMPLEXITY" missed="0" covered="1"/><counter type="METHOD" missed="0" covered="1"/></method><method name="connecter" desc="(Ljava/lang/String;Ljava/lang/String;)Lcom/exemple/ResultatConnexion;" line="14"><counter type="INSTRUCTION" missed="0" covered="24"/><counter type="BRANCH" missed="0" covered="2"/><counter type="LINE" missed="0" covered="5"/><counter type="COMPLEXITY" missed="0" covered="2"/><counter type="METHOD" missed="0" covered="1"/></method><method name="lambda$connecter$0" desc="()Lcom/exemple/ConnexionRefuseeException;" line="15"><counter type="INSTRUCTION" missed="0" covered="5"/><counter type="LINE" missed="0" covered="1"/><counter type="COMPLEXITY" missed="0" covered="1"/><counter type="METHOD" missed="0" covered="1"/></method><counter type="INSTRUCTION" missed="0" covered="35"/><counter type="BRANCH" missed="0" covered="2"/><counter type="LINE" missed="0" covered="8"/><counter type="COMPLEXITY" missed="0" covered="4"/><counter type="METHOD" missed="0" covered="3"/><counter type="CLASS" missed="0" covered="1"/></class><class name="com/exemple/ConnexionRefuseeException" sourcefilename="ConnexionRefuseeException.java"><method name="&lt;init&gt;" desc="(Ljava/lang/String;)V" line="6"><counter type="INSTRUCTION" missed="0" covered="4"/><counter type="LINE" missed="0" covered="2"/><counter type="COMPLEXITY" missed="0" covered="1"/><counter type="METHOD" missed="0" covered="1"/></method><counter type="INSTRUCTION" missed="0" covered="4"/><counter type="LINE" missed="0" covered="2"/><counter type="COMPLEXITY" missed="0" covered="1"/><counter type="METHOD" missed="0" covered="1"/><counter type="CLASS" missed="0" covered="1"/></class><class name="com/exemple/CatalogueProduit" sourcefilename="CatalogueProduit.java"/><class name="com/exemple/ConfirmationInscription" sourcefilename="ConfirmationInscription.java"><method name="&lt;init&gt;" desc="(Ljava/lang/String;Ljava/lang/String;)V" line="3"><counter type="INSTRUCTION" missed="0" covered="9"/><counter type="LINE" missed="0" covered="1"/><counter type="COMPLEXITY" missed="0" covered="1"/><counter type="METHOD" missed="0" covered="1"/></method><counter type="INSTRUCTION" missed="0" covered="9"/><counter type="LINE" missed="0" covered="1"/><counter type="COMPLEXITY" missed="0" covered="1"/><counter type="METHOD" missed="0" covered="1"/><counter type="CLASS" missed="0" covered="1"/></class><sourcefile name="ConnexionRefuseeException.java"><line nr="6" mi="0" ci="3" mb="0" cb="0"/><line nr="7" mi="0" ci="1" mb="0" cb="0"/><counter type="INSTRUCTION" missed="0" covered="4"/><counter type="LINE" missed="0" covered="2"/><counter type="COMPLEXITY" missed="0" covered="1"/><counter type="METHOD" missed="0" covered="1"/><counter type="CLASS" missed="0" covered="1"/></sourcefile><sourcefile name="RepertoireCommande.java"/><sourcefile name="ResultatConnexion.java"><line nr="3" mi="0" ci="9" mb="0" cb="0"/><counter type="INSTRUCTION" missed="0" covered="9"/><counter type="LINE" missed="0" covered="1"/><counter type="COMPLEXITY" missed="0" covered="1"/><counter type="METHOD" missed="0" covered="1"/><counter type="CLASS" missed="0" covered="1"/></sourcefile><sourcefile name="ConfirmationCommande.java"><line nr="3" mi="0" ci="9" mb="0" cb="0"/><counter type="INSTRUCTION" missed="0" covered="9"/><counter type="LINE" missed="0" covered="1"/><counter type="COMPLEXITY" missed="0" covered="1"/><counter type="METHOD" missed="0" covered="1"/><counter type="CLASS" missed="0" covered="1"/></sourcefile><sourcefile name="Produit.java"><line nr="3" mi="0" ci="15" mb="0" cb="0"/><counter type="INSTRUCTION" missed="0" covered="15"/><counter type="LINE" missed="0" covered="1"/><counter type="COMPLEXITY" missed="0" covered="1"/><counter type="METHOD" missed="0" covered="1"/><counter type="CLASS" missed="0" covered="1"/></sourcefile><sourcefile name="CompteExistantException.java"><line nr="6" mi="0" ci="3" mb="0" cb="0"/><line nr="7" mi="0" ci="1" mb="0" cb="0"/><counter type="INSTRUCTION" missed="0" covered="4"/><counter type="LINE" missed="0" covered="2"/><counter type="COMPLEXITY" missed="0" covered="1"/><counter type="METHOD" missed="0" covered="1"/><counter type="CLASS" missed="0" covered="1"/></sourcefile><sourcefile name="ConfirmationInscription.java"><line nr="3" mi="0" ci="9" mb="0" cb="0"/><counter type="INSTRUCTION" missed="0" covered="9"/><counter type="LINE" missed="0" covered="1"/><counter type="COMPLEXITY" missed="0" covered="1"/><counter type="METHOD" missed="0" covered="1"/><counter type="CLASS" missed="0" covered="1"/></sourcefile><sourcefile name="RepertoireUtilisateur.java"/><sourcefile name="Utilisateur.java"><line nr="3" mi="0" ci="12" mb="0" cb="0"/><counter type="INSTRUCTION" missed="0" covered="12"/><counter type="LINE" missed="0" covered="1"/><counter type="COMPLEXITY" missed="0" covered="1"/><counter type="METHOD" missed="0" covered="1"/><counter type="CLASS" missed="0" covered="1"/></sourcefile><sourcefile name="ServiceAuthentification.java"><line nr="9" mi="0" ci="2" mb="0" cb="0"/><line nr="10" mi="0" ci="3" mb="0" cb="0"/><line nr="11" mi="0" ci="1" mb="0" cb="0"/><line nr="14" mi="0" ci="5" mb="0" cb="0"/><line nr="15" mi="0" ci="8" mb="0" cb="0"/><line nr="17" mi="0" ci="5" mb="0" cb="2"/><line nr="18" mi="0" ci="5" mb="0" cb="0"/><line nr="21" mi="0" ci="6" mb="0" cb="0"/><counter type="INSTRUCTION" missed="0" covered="35"/><counter type="BRANCH" missed="0" covered="2"/><counter type="LINE" missed="0" covered="8"/><counter type="COMPLEXITY" missed="0" covered="4"/><counter type="METHOD" missed="0" covered="3"/><counter type="CLASS" missed="0" covered="1"/></sourcefile><sourcefile name="Commande.java"><line nr="9" mi="0" ci="5" mb="0" cb="0"/><line nr="11" mi="0" ci="2" mb="0" cb="0"/><line nr="12" mi="0" ci="3" mb="0" cb="0"/><line nr="13" mi="0" ci="1" mb="0" cb="0"/><line nr="16" mi="0" ci="3" mb="0" cb="0"/><line nr="20" mi="0" ci="11" mb="0" cb="0"/><line nr="21" mi="0" ci="7" mb="0" cb="0"/><line nr="22" mi="0" ci="2" mb="0" cb="0"/><line nr="26" mi="0" ci="9" mb="0" cb="0"/><line nr="27" mi="0" ci="3" mb="0" cb="2"/><line nr="28" mi="0" ci="5" mb="0" cb="0"/><line nr="29" mi="0" ci="2" mb="0" cb="0"/><line nr="31" mi="0" ci="4" mb="0" cb="0"/><line nr="32" mi="0" ci="7" mb="0" cb="0"/><line nr="33" mi="0" ci="2" mb="0" cb="0"/><line nr="37" mi="0" ci="5" mb="0" cb="0"/><line nr="41" mi="0" ci="9" mb="0" cb="0"/><counter type="INSTRUCTION" missed="0" covered="80"/><counter type="BRANCH" missed="0" covered="2"/><counter type="LINE" missed="0" covered="17"/><counter type="COMPLEXITY" missed="0" covered="7"/><counter type="METHOD" missed="0" covered="6"/><counter type="CLASS" missed="0" covered="1"/></sourcefile><sourcefile name="CommandeRefuseeException.java"><line nr="6" mi="0" ci="3" mb="0" cb="0"/><line nr="7" mi="0" ci="1" mb="0" cb="0"/><counter type="INSTRUCTION" missed="0" covered="4"/><counter type="LINE" missed="0" covered="2"/><counter type="COMPLEXITY" missed="0" covered="1"/><counter type="METHOD" missed="0" covered="1"/><counter type="CLASS" missed="0" covered="1"/></sourcefile><sourcefile name="ServiceCompte.java"><line nr="7" mi="0" ci="2" mb="0" cb="0"/><line nr="8" mi="0" ci="3" mb="0" cb="0"/><line nr="9" mi="0" ci="1" mb="0" cb="0"/><line nr="12" mi="0" ci="6" mb="0" cb="2"/><line nr="13" mi="0" ci="3" mb="0" cb="0"/><line nr="14" mi="0" ci="4" mb="0" cb="0"/><line nr="17" mi="0" ci="4" mb="0" cb="0"/><line nr="19" mi="0" ci="6" mb="0" cb="0"/><line nr="20" mi="0" ci="3" mb="0" cb="0"/><counter type="INSTRUCTION" missed="0" covered="32"/><counter type="BRANCH" missed="0" covered="2"/><counter type="LINE" missed="0" covered="9"/><counter type="COMPLEXITY" missed="0" covered="3"/><counter type="METHOD" missed="0" covered="2"/><counter type="CLASS" missed="0" covered="1"/></sourcefile><sourcefile name="ServiceCatalogue.java"><line nr="9" mi="0" ci="2" mb="0" cb="0"/><line nr="10" mi="0" ci="3" mb="0" cb="0"/><line nr="11" mi="0" ci="1" mb="0" cb="0"/><line nr="14" mi="0" ci="5" mb="0" cb="0"/><line nr="18" mi="0" ci="5" mb="0" cb="0"/><line nr="22" mi="0" ci="5" mb="0" cb="0"/><counter type="INSTRUCTION" missed="0" covered="21"/><counter type="LINE" missed="0" covered="6"/><counter type="COMPLEXITY" missed="0" covered="4"/><counter type="METHOD" missed="0" covered="4"/><counter type="CLASS" missed="0" covered="1"/></sourcefile><sourcefile name="ServiceCommande.java"><line nr="7" mi="0" ci="2" mb="0" cb="0"/><line nr="8" mi="0" ci="3" mb="0" cb="0"/><line nr="9" mi="0" ci="1" mb="0" cb="0"/><line nr="12" mi="0" ci="4" mb="0" cb="0"/><line nr="13" mi="0" ci="4" mb="0" cb="0"/><line nr="17" mi="0" ci="4" mb="0" cb="0"/><line nr="18" mi="0" ci="4" mb="0" cb="2"/><line nr="19" mi="0" ci="6" mb="0" cb="0"/><line nr="21" mi="0" ci="4" mb="0" cb="0"/><line nr="25" mi="0" ci="4" mb="0" cb="0"/><line nr="26" mi="0" ci="9" mb="0" cb="0"/><line nr="30" mi="0" ci="7" mb="0" cb="0"/><line nr="31" mi="0" ci="8" mb="0" cb="0"/><counter type="INSTRUCTION" missed="0" covered="60"/><counter type="BRANCH" missed="0" covered="2"/><counter type="LINE" missed="0" covered="13"/><counter type="COMPLEXITY" missed="0" covered="7"/><counter type="METHOD" missed="0" covered="6"/><counter type="CLASS" missed="0" covered="1"/></sourcefile><sourcefile name="CatalogueProduit.java"/><counter type="INSTRUCTION" missed="0" covered="294"/><counter type="BRANCH" missed="0" covered="8"/><counter type="LINE" missed="0" covered="64"/><counter type="COMPLEXITY" missed="0" covered="33"/><counter type="METHOD" missed="0" covered="29"/><counter type="CLASS" missed="0" covered="13"/></package><counter type="INSTRUCTION" missed="0" covered="294"/><counter type="BRANCH" missed="0" covered="8"/><counter type="LINE" missed="0" covered="64"/><counter type="COMPLEXITY" missed="0" covered="33"/><counter type="METHOD" missed="0" covered="29"/><counter type="CLASS" missed="0" covered="13"/></report>